actionid=tox
msg=packaging
cmdargs=['/home/ben/Code/datadesk/open_source/latimes-calculate/bin/python', local('/home/ben/Code/datadesk/open_source/latimes-calculate/repo/setup.py'), 'sdist', '--formats=zip', '--dist-dir', local('/home/ben/Code/datadesk/open_source/latimes-calculate/repo/.tox/dist')]
env=None
/usr/lib/python2.7/distutils/dist.py:267: UserWarning: Unknown distribution option: 'zip_safe'
  warnings.warn(msg)
/usr/lib/python2.7/distutils/dist.py:267: UserWarning: Unknown distribution option: 'include_package_data'
  warnings.warn(msg)
running sdist
running check
warning: sdist: manifest template 'MANIFEST.in' does not exist (using default file list)

warning: sdist: standard file not found: should have one of README, README.txt

writing manifest file 'MANIFEST'
creating latimes-calculate-0.2
creating latimes-calculate-0.2/calculate
making hard links in latimes-calculate-0.2...
hard linking setup.py -> latimes-calculate-0.2
hard linking calculate/__init__.py -> latimes-calculate-0.2/calculate
hard linking calculate/adjusted_monthly_value.py -> latimes-calculate-0.2/calculate
hard linking calculate/age.py -> latimes-calculate-0.2/calculate
hard linking calculate/at_percentile.py -> latimes-calculate-0.2/calculate
hard linking calculate/benfords_law.py -> latimes-calculate-0.2/calculate
hard linking calculate/competition_rank.py -> latimes-calculate-0.2/calculate
hard linking calculate/date_range.py -> latimes-calculate-0.2/calculate
hard linking calculate/decile.py -> latimes-calculate-0.2/calculate
hard linking calculate/elfi.py -> latimes-calculate-0.2/calculate
hard linking calculate/equal_sized_breakpoints.py -> latimes-calculate-0.2/calculate
hard linking calculate/margin_of_victory.py -> latimes-calculate-0.2/calculate
hard linking calculate/mean.py -> latimes-calculate-0.2/calculate
hard linking calculate/mean_center.py -> latimes-calculate-0.2/calculate
hard linking calculate/median.py -> latimes-calculate-0.2/calculate
hard linking calculate/mode.py -> latimes-calculate-0.2/calculate
hard linking calculate/models.py -> latimes-calculate-0.2/calculate
hard linking calculate/nudge_points.py -> latimes-calculate-0.2/calculate
hard linking calculate/ordinal_rank.py -> latimes-calculate-0.2/calculate
hard linking calculate/pearson.py -> latimes-calculate-0.2/calculate
hard linking calculate/per_capita.py -> latimes-calculate-0.2/calculate
hard linking calculate/per_sqmi.py -> latimes-calculate-0.2/calculate
hard linking calculate/percentage.py -> latimes-calculate-0.2/calculate
hard linking calculate/percentage_change.py -> latimes-calculate-0.2/calculate
hard linking calculate/percentile.py -> latimes-calculate-0.2/calculate
hard linking calculate/ptable.py -> latimes-calculate-0.2/calculate
hard linking calculate/random_point.py -> latimes-calculate-0.2/calculate
hard linking calculate/range.py -> latimes-calculate-0.2/calculate
hard linking calculate/split_at_breakpoints.py -> latimes-calculate-0.2/calculate
hard linking calculate/standard_deviation.py -> latimes-calculate-0.2/calculate
hard linking calculate/standard_deviation_distance.py -> latimes-calculate-0.2/calculate
hard linking calculate/standard_deviation_ellipses.py -> latimes-calculate-0.2/calculate
hard linking calculate/summary_stats.py -> latimes-calculate-0.2/calculate
hard linking calculate/tests.py -> latimes-calculate-0.2/calculate
creating '.tox/dist/latimes-calculate-0.2.zip' and adding 'latimes-calculate-0.2' to it
adding 'latimes-calculate-0.2/PKG-INFO'
adding 'latimes-calculate-0.2/setup.py'
adding 'latimes-calculate-0.2/calculate/elfi.py'
adding 'latimes-calculate-0.2/calculate/__init__.py'
adding 'latimes-calculate-0.2/calculate/benfords_law.py'
adding 'latimes-calculate-0.2/calculate/percentile.py'
adding 'latimes-calculate-0.2/calculate/mode.py'
adding 'latimes-calculate-0.2/calculate/tests.py'
adding 'latimes-calculate-0.2/calculate/split_at_breakpoints.py'
adding 'latimes-calculate-0.2/calculate/ptable.py'
adding 'latimes-calculate-0.2/calculate/margin_of_victory.py'
adding 'latimes-calculate-0.2/calculate/standard_deviation_distance.py'
adding 'latimes-calculate-0.2/calculate/standard_deviation_ellipses.py'
adding 'latimes-calculate-0.2/calculate/date_range.py'
adding 'latimes-calculate-0.2/calculate/competition_rank.py'
adding 'latimes-calculate-0.2/calculate/summary_stats.py'
adding 'latimes-calculate-0.2/calculate/range.py'
adding 'latimes-calculate-0.2/calculate/mean.py'
adding 'latimes-calculate-0.2/calculate/equal_sized_breakpoints.py'
adding 'latimes-calculate-0.2/calculate/standard_deviation.py'
adding 'latimes-calculate-0.2/calculate/random_point.py'
adding 'latimes-calculate-0.2/calculate/age.py'
adding 'latimes-calculate-0.2/calculate/ordinal_rank.py'
adding 'latimes-calculate-0.2/calculate/percentage_change.py'
adding 'latimes-calculate-0.2/calculate/adjusted_monthly_value.py'
adding 'latimes-calculate-0.2/calculate/nudge_points.py'
adding 'latimes-calculate-0.2/calculate/per_sqmi.py'
adding 'latimes-calculate-0.2/calculate/mean_center.py'
adding 'latimes-calculate-0.2/calculate/per_capita.py'
adding 'latimes-calculate-0.2/calculate/percentage.py'
adding 'latimes-calculate-0.2/calculate/median.py'
adding 'latimes-calculate-0.2/calculate/decile.py'
adding 'latimes-calculate-0.2/calculate/pearson.py'
adding 'latimes-calculate-0.2/calculate/models.py'
adding 'latimes-calculate-0.2/calculate/at_percentile.py'
removing 'latimes-calculate-0.2' (and everything under it)
